<?xml version="1.0" encoding="UTF-8"?>
<!-- Generated by org.testng.reporters.JUnitReportReporter -->
<testsuite hostname="DESKTOP-S6JMS4O" failures="0" tests="1" name="Automation.End2EndProject.DemoClass" time="17.032" errors="0" timestamp="16 Jul 2019 19:08:42 GMT" skipped="0">
  <testcase classname="Automation.End2EndProject.DemoClass" name="PageNavigation" time="17.032"/>
</testsuite> <!-- Automation.End2EndProject.DemoClass -->
