<?xml version="1.0" encoding="UTF-8"?>
<!-- Generated by org.testng.reporters.JUnitReportReporter -->
<testsuite hostname="DESKTOP-S6JMS4O" failures="0" tests="1" name="Automation.End2EndProject.New" time="20.466" errors="0" timestamp="28 Jun 2019 23:11:43 GMT" skipped="0">
  <testcase classname="Automation.End2EndProject.New" name="Invoke" time="20.466"/>
</testsuite> <!-- Automation.End2EndProject.New -->
